18/11/11 14:36:02 THS|LOG|INFO| [ENV] Application init library successful.
18/11/11 14:36:12 THS|LOG|INFO| Starting
18/11/11 14:36:12 THS|LOG|INFO| Default schema
18/11/11 14:36:12 THS|LOG|INFO| [Zk] init the connection to zk, 62.234.114.155:2181
18/11/11 14:37:07 THS|LOG|INFO| [ENV] Application init library successful.
18/11/11 14:37:17 THS|LOG|INFO| Starting
18/11/11 14:37:17 THS|LOG|INFO| Default schema
18/11/11 14:37:17 THS|LOG|INFO| [Zk] init the connection to zk, 62.234.114.155:2181
18/11/11 14:37:17 THS|LOG|INFO| State change: CONNECTED
18/11/11 14:38:18 THS|LOG|INFO| [ENV] Application init library successful.
18/11/11 14:38:35 THS|LOG|INFO| [ENV] Application init library successful.
18/11/11 14:38:45 THS|LOG|INFO| Starting
18/11/11 14:38:45 THS|LOG|INFO| Default schema
18/11/11 14:38:45 THS|LOG|INFO| [Zk] init the connection to zk, 62.234.114.155:2181
18/11/11 14:38:45 THS|LOG|INFO| State change: CONNECTED
18/11/11 14:44:18 THS|LOG|WARN| Client session timed out, have not heard from server in 332792ms for sessionid 0x166fc4e74cb0033
18/11/11 14:44:23 THS|LOG|INFO| [ENV] Application init library successful.
18/11/11 14:44:34 THS|LOG|INFO| Starting
18/11/11 14:44:34 THS|LOG|INFO| Default schema
18/11/11 14:44:34 THS|LOG|INFO| [Zk] init the connection to zk, 62.234.114.155:2181
18/11/11 14:44:34 THS|LOG|INFO| State change: CONNECTED
18/11/11 14:44:50 THS|LOG|INFO| [ENV] Application init library successful.
18/11/11 14:45:00 THS|LOG|INFO| Starting
18/11/11 14:45:00 THS|LOG|INFO| Default schema
18/11/11 14:45:01 THS|LOG|INFO| [Zk] init the connection to zk, 62.234.114.155:2181
18/11/11 14:45:01 THS|LOG|INFO| State change: CONNECTED
18/11/11 14:45:01 THS|LOG|INFO| Workers
- - - - - - - - - - - - - - - - - - - - - - - -  - - - - - - - - - - - - - - - - - - - - - - - - - - - - - - - - - - - - - - - - - - - - -- - - - - - - - - - - - - - - -- - - - - - - -
|                  worker id                    |   process    |        host          |     startTime      |   runtime    |   exectors    |   threadCount    |   cpu     |   memory    |
- - - - - - - - - - - - - - - - - - - - - - - -  - - - - - - - - - - - - - - - - - - - - - - - - - - - - - - - - - - - - - - - - - - - - -- - - - - - - - - - - - - - - -- - - - - - - -
|   cece717f-b7fd-4b03-a838-f3aacfc36fea_1_6    |    24347     |   VM_16_11_centos    |   1541850098858    |    1143      |      2        |       14         |   0.0%    |     0G      |
- - - - - - - - - - - - - - - - - - - - - - - -  - - - - - - - - - - - - - - - - - - - - - - - - - - - - - - - - - - - - - - - - - - - - -- - - - - - - - - - - - - - - -- - - - - - - -
|   cece717f-b7fd-4b03-a838-f3aacfc36fea_0_6    |    3624      |   VM_16_2_centos     |   1541850097784    |    1143      |      2        |       16         |   0.0%    |     0G      |
- - - - - - - - - - - - - - - - - - - - - - - -  - - - - - - - - - - - - - - - - - - - - - - - - - - - - - - - - - - - - - - - - - - - - -- - - - - - - - - - - - - - - -- - - - - - - -
|   cece717f-b7fd-4b03-a838-f3aacfc36fea_2_6    |    24362     |   VM_16_14_centos    |   1541850099615    |    1143      |      2        |       14         |   0.0%    |     0G      |
- - - - - - - - - - - - - - - - - - - - - - - -  - - - - - - - - - - - - - - - - - - - - - - - - - - - - - - - - - - - - - - - - - - - - -- - - - - - - - - - - - - - - -- - - - - - - -
|   cece717f-b7fd-4b03-a838-f3aacfc36fea_4_6    |    24379     |   VM_16_11_centos    |   1541850100878    |    1143      |      2        |       14         |   0.0%    |     0G      |
- - - - - - - - - - - - - - - - - - - - - - - -  - - - - - - - - - - - - - - - - - - - - - - - - - - - - - - - - - - - - - - - - - - - - -- - - - - - - - - - - - - - - -- - - - - - - -
|   cece717f-b7fd-4b03-a838-f3aacfc36fea_5_6    |    24395     |   VM_16_14_centos    |   1541850101732    |    1143      |      2        |       14         |   0.0%    |     0G      |
- - - - - - - - - - - - - - - - - - - - - - - -  - - - - - - - - - - - - - - - - - - - - - - - - - - - - - - - - - - - - - - - - - - - - -- - - - - - - - - - - - - - - -- - - - - - - -
|   cece717f-b7fd-4b03-a838-f3aacfc36fea_3_6    |    3685      |   VM_16_2_centos     |   1541850100208    |    1143      |      2        |       16         |   0.0%    |     0G      |
- - - - - - - - - - - - - - - - - - - - - - - -  - - - - - - - - - - - - - - - - - - - - - - - - - - - - - - - - - - - - - - - - - - - - -- - - - - - - - - - - - - - - -- - - - - - - -
|   cece717f-b7fd-4b03-a838-f3aacfc36fea_5_6    |    24429     |   VM_16_14_centos    |   1541850103906    |    1143      |      2        |       14         |   0.0%    |     0G      |
- - - - - - - - - - - - - - - - - - - - - - - -  - - - - - - - - - - - - - - - - - - - - - - - - - - - - - - - - - - - - - - - - - - - - -- - - - - - - - - - - - - - - -- - - - - - - -

18/11/11 14:46:32 THS|LOG|INFO| [ENV] Application init library successful.
18/11/11 14:46:42 THS|LOG|INFO| Starting
18/11/11 14:46:42 THS|LOG|INFO| Default schema
18/11/11 14:46:42 THS|LOG|INFO| [Zk] init the connection to zk, 62.234.114.155:2181
18/11/11 14:46:42 THS|LOG|INFO| State change: CONNECTED
18/11/11 14:46:42 THS|LOG|INFO| Workers
- - - - - - - - - - - - - - - - - - - - - - - -  - - - - - - - - - - - - - - - - - - - - - - - - - - - -- - - - - - - - - - - - - - - -- - - - - - - - - - - - - - - -- - - - - - - -
|                  worker id                    |   process    |        host          |   startTime     |   runtime    |   exectors    |   threadCount    |   cpu     |   memory    |
- - - - - - - - - - - - - - - - - - - - - - - -  - - - - - - - - - - - - - - - - - - - - - - - - - - - -- - - - - - - - - - - - - - - -- - - - - - - - - - - - - - - -- - - - - - - -
|   cece717f-b7fd-4b03-a838-f3aacfc36fea_1_6    |    24347     |   VM_16_11_centos    |   2018-11-10    |    1145      |      2        |       16         |   0.0%    |     0G      |
- - - - - - - - - - - - - - - - - - - - - - - -  - - - - - - - - - - - - - - - - - - - - - - - - - - - -- - - - - - - - - - - - - - - -- - - - - - - - - - - - - - - -- - - - - - - -
|   cece717f-b7fd-4b03-a838-f3aacfc36fea_0_6    |    3624      |   VM_16_2_centos     |   2018-11-10    |    1145      |      2        |       16         |   0.0%    |     0G      |
- - - - - - - - - - - - - - - - - - - - - - - -  - - - - - - - - - - - - - - - - - - - - - - - - - - - -- - - - - - - - - - - - - - - -- - - - - - - - - - - - - - - -- - - - - - - -
|   cece717f-b7fd-4b03-a838-f3aacfc36fea_2_6    |    24362     |   VM_16_14_centos    |   2018-11-10    |    1145      |      2        |       16         |   0.0%    |     0G      |
- - - - - - - - - - - - - - - - - - - - - - - -  - - - - - - - - - - - - - - - - - - - - - - - - - - - -- - - - - - - - - - - - - - - -- - - - - - - - - - - - - - - -- - - - - - - -
|   cece717f-b7fd-4b03-a838-f3aacfc36fea_4_6    |    24379     |   VM_16_11_centos    |   2018-11-10    |    1145      |      2        |       16         |   0.0%    |     0G      |
- - - - - - - - - - - - - - - - - - - - - - - -  - - - - - - - - - - - - - - - - - - - - - - - - - - - -- - - - - - - - - - - - - - - -- - - - - - - - - - - - - - - -- - - - - - - -
|   cece717f-b7fd-4b03-a838-f3aacfc36fea_5_6    |    24395     |   VM_16_14_centos    |   2018-11-10    |    1144      |      2        |       16         |   0.0%    |     0G      |
- - - - - - - - - - - - - - - - - - - - - - - -  - - - - - - - - - - - - - - - - - - - - - - - - - - - -- - - - - - - - - - - - - - - -- - - - - - - - - - - - - - - -- - - - - - - -
|   cece717f-b7fd-4b03-a838-f3aacfc36fea_3_6    |    3685      |   VM_16_2_centos     |   2018-11-10    |    1145      |      2        |       16         |   0.0%    |     0G      |
- - - - - - - - - - - - - - - - - - - - - - - -  - - - - - - - - - - - - - - - - - - - - - - - - - - - -- - - - - - - - - - - - - - - -- - - - - - - - - - - - - - - -- - - - - - - -
|   cece717f-b7fd-4b03-a838-f3aacfc36fea_5_6    |    24429     |   VM_16_14_centos    |   2018-11-10    |    1144      |      2        |       16         |   0.0%    |     0G      |
- - - - - - - - - - - - - - - - - - - - - - - -  - - - - - - - - - - - - - - - - - - - - - - - - - - - -- - - - - - - - - - - - - - - -- - - - - - - - - - - - - - - -- - - - - - - -

